17:33:42.708 [INFO ] com.zhurong.SinospnWebApplication - Starting SinospnWebApplication on LAPTOP-NG87QHB4 with PID 16256 (D:\workCodeSpace\githubSpring\Springboot-ElasticSearch-demo\es-demo-7.5\target\classes started by Atlas in D:\workCodeSpace\githubSpring\Springboot-ElasticSearch-demo\es-demo-7.5)
17:33:42.712 [INFO ] com.zhurong.SinospnWebApplication - The following profiles are active: sit
17:33:47.109 [INFO ] com.zhurong.SinospnWebApplication - Started SinospnWebApplication in 5.155 seconds (JVM running for 5.869)
17:34:07.990 [INFO ] c.zhurong.controller.UserController - 进入hospitals参数是Filter [page=1, size=10, supplies=null, city=null]
17:34:07.993 [INFO ] c.zhurong.controller.UserController - 出hospitals
23:47:34.123 [INFO ] com.zhurong.SinospnWebApplication - Starting SinospnWebApplication on LAPTOP-NG87QHB4 with PID 18128 (D:\workCodeSpace\githubSpring\Springboot-ElasticSearch-demo\es-demo-7.5\target\classes started by Atlas in D:\workCodeSpace\githubSpring\Springboot-ElasticSearch-demo\es-demo-7.5)
23:47:34.156 [INFO ] com.zhurong.SinospnWebApplication - The following profiles are active: sit
23:47:42.050 [INFO ] com.zhurong.SinospnWebApplication - Started SinospnWebApplication in 9.543 seconds (JVM running for 11.781)
23:48:38.188 [INFO ] c.zhurong.controller.UserController - 进入hospitals参数是Filter [page=1, size=100, supplies=null, city=武汉]
23:48:38.193 [INFO ] c.zhurong.controller.UserController - 出hospitals
23:49:20.941 [INFO ] com.zhurong.SinospnWebApplication - Starting SinospnWebApplication on LAPTOP-NG87QHB4 with PID 3540 (D:\workCodeSpace\githubSpring\Springboot-ElasticSearch-demo\es-demo-7.5\target\classes started by Atlas in D:\workCodeSpace\githubSpring\Springboot-ElasticSearch-demo\es-demo-7.5)
23:49:20.948 [INFO ] com.zhurong.SinospnWebApplication - The following profiles are active: sit
23:49:26.426 [INFO ] com.zhurong.SinospnWebApplication - Started SinospnWebApplication in 6.6 seconds (JVM running for 7.787)
23:49:31.053 [INFO ] c.zhurong.controller.UserController - 进入hospitals参数是Filter [page=1, size=100, supplies=null, city=武汉]
23:49:31.055 [INFO ] c.zhurong.controller.UserController - 出hospitals
23:52:15.864 [INFO ] com.zhurong.SinospnWebApplication - Starting SinospnWebApplication on LAPTOP-NG87QHB4 with PID 1900 (D:\workCodeSpace\githubSpring\Springboot-ElasticSearch-demo\es-demo-7.5\target\classes started by Atlas in D:\workCodeSpace\githubSpring\Springboot-ElasticSearch-demo\es-demo-7.5)
23:52:15.870 [INFO ] com.zhurong.SinospnWebApplication - The following profiles are active: sit
23:52:21.504 [INFO ] com.zhurong.SinospnWebApplication - Started SinospnWebApplication in 6.728 seconds (JVM running for 8.111)
23:52:30.540 [INFO ] c.zhurong.controller.UserController - 进入hospitals参数是Filter [page=1, size=100, supplies=null, city=武汉]
23:52:30.543 [INFO ] c.zhurong.controller.UserController - 出hospitals
23:58:51.347 [INFO ] com.zhurong.SinospnWebApplication - Starting SinospnWebApplication on LAPTOP-NG87QHB4 with PID 5792 (D:\workCodeSpace\githubSpring\Springboot-ElasticSearch-demo\es-demo-7.5\target\classes started by Atlas in D:\workCodeSpace\githubSpring\Springboot-ElasticSearch-demo\es-demo-7.5)
23:58:51.354 [INFO ] com.zhurong.SinospnWebApplication - The following profiles are active: sit
23:58:56.849 [INFO ] com.zhurong.SinospnWebApplication - Started SinospnWebApplication in 6.65 seconds (JVM running for 7.795)
23:59:03.193 [INFO ] c.zhurong.controller.UserController - 进入hospitals参数是Filter [page=1, size=100, supplies=null, city=武汉]
23:59:03.195 [INFO ] c.zhurong.controller.UserController - 出hospitals
